[debug] [2019-12-05T02:53:49.773Z] ----------------------------------------------------------------------
[debug] [2019-12-05T02:53:49.776Z] Command:       C:\Program Files\nodejs\node.exe C:\Users\markk\AppData\Roaming\npm\node_modules\firebase-tools\lib\bin\firebase.js serve
[debug] [2019-12-05T02:53:49.776Z] CLI Version:   7.8.1
[debug] [2019-12-05T02:53:49.776Z] Platform:      win32
[debug] [2019-12-05T02:53:49.776Z] Node Version:  v12.13.0
[debug] [2019-12-05T02:53:49.777Z] Time:          Wed Dec 04 2019 18:53:49 GMT-0800 (Pacific Standard Time)
[debug] [2019-12-05T02:53:49.777Z] ----------------------------------------------------------------------
[debug] [2019-12-05T02:53:49.777Z] 
[debug] [2019-12-05T02:53:49.784Z] > command requires scopes: ["email","openid","https://www.googleapis.com/auth/cloudplatformprojects.readonly","https://www.googleapis.com/auth/firebase","https://www.googleapis.com/auth/cloud-platform"]
[debug] [2019-12-05T02:53:49.785Z] > authorizing via signed-in user
[debug] [2019-12-05T02:53:49.785Z] [iam] checking project project-20db7 for permissions ["firebase.projects.get"]
[debug] [2019-12-05T02:53:49.789Z] >>> HTTP REQUEST POST https://cloudresourcemanager.googleapis.com/v1/projects/project-20db7:testIamPermissions  

[debug] [2019-12-05T02:53:49.955Z] <<< HTTP RESPONSE 200
[debug] [2019-12-05T02:53:49.959Z] >>> HTTP REQUEST GET https://firebase.googleapis.com/v1beta1/projects/project-20db7  
 
[debug] [2019-12-05T02:53:50.145Z] <<< HTTP RESPONSE 200
[info] 
[info] === Serving from 'C:\Users\markk\Desktop\Project-'...
[info] 
[debug] [2019-12-05T02:53:50.151Z] >>> HTTP REQUEST GET https://firebase.googleapis.com/v1beta1/projects/project-20db7/webApps/-/config  
 
[debug] [2019-12-05T02:53:50.449Z] <<< HTTP RESPONSE 200
[info] +  hosting: Local server: http://localhost:5000
